0 info it worked if it ends with ok
1 verbose cli [ '/usr/bin/node', '/usr/bin/npm', 'run', 'tan' ]
2 info using npm@3.10.10
3 info using node@v6.12.0
4 verbose run-script [ 'pretan', 'tan', 'posttan' ]
5 info lifecycle jobsy@1.0.0~pretan: jobsy@1.0.0
6 silly lifecycle jobsy@1.0.0~pretan: no script for pretan, continuing
7 info lifecycle jobsy@1.0.0~tan: jobsy@1.0.0
8 verbose lifecycle jobsy@1.0.0~tan: unsafe-perm in lifecycle true
9 verbose lifecycle jobsy@1.0.0~tan: PATH: /usr/lib/node_modules/npm/bin/node-gyp-bin:/home/alam/Work/Jobsy/node_modules/.bin:/usr/local/sbin:/usr/local/bin:/usr/sbin:/usr/bin:/sbin:/bin:/snap/bin
10 verbose lifecycle jobsy@1.0.0~tan: CWD: /home/alam/Work/Jobsy
11 silly lifecycle jobsy@1.0.0~tan: Args: [ '-c',
11 silly lifecycle   './node_modules/webpack-dev-server/bin/webpack-dev-server.js --host 10.0.31.251 --port 80' ]
12 silly lifecycle jobsy@1.0.0~tan: Returned: code: 1  signal: null
13 info lifecycle jobsy@1.0.0~tan: Failed to exec tan script
14 verbose stack Error: jobsy@1.0.0 tan: `./node_modules/webpack-dev-server/bin/webpack-dev-server.js --host 10.0.31.251 --port 80`
14 verbose stack Exit status 1
14 verbose stack     at EventEmitter.<anonymous> (/usr/lib/node_modules/npm/lib/utils/lifecycle.js:255:16)
14 verbose stack     at emitTwo (events.js:106:13)
14 verbose stack     at EventEmitter.emit (events.js:191:7)
14 verbose stack     at ChildProcess.<anonymous> (/usr/lib/node_modules/npm/lib/utils/spawn.js:40:14)
14 verbose stack     at emitTwo (events.js:106:13)
14 verbose stack     at ChildProcess.emit (events.js:191:7)
14 verbose stack     at maybeClose (internal/child_process.js:920:16)
14 verbose stack     at Process.ChildProcess._handle.onexit (internal/child_process.js:230:5)
15 verbose pkgid jobsy@1.0.0
16 verbose cwd /home/alam/Work/Jobsy
17 error Linux 4.4.0-116-generic
18 error argv "/usr/bin/node" "/usr/bin/npm" "run" "tan"
19 error node v6.12.0
20 error npm  v3.10.10
21 error code ELIFECYCLE
22 error jobsy@1.0.0 tan: `./node_modules/webpack-dev-server/bin/webpack-dev-server.js --host 10.0.31.251 --port 80`
22 error Exit status 1
23 error Failed at the jobsy@1.0.0 tan script './node_modules/webpack-dev-server/bin/webpack-dev-server.js --host 10.0.31.251 --port 80'.
23 error Make sure you have the latest version of node.js and npm installed.
23 error If you do, this is most likely a problem with the jobsy package,
23 error not with npm itself.
23 error Tell the author that this fails on your system:
23 error     ./node_modules/webpack-dev-server/bin/webpack-dev-server.js --host 10.0.31.251 --port 80
23 error You can get information on how to open an issue for this project with:
23 error     npm bugs jobsy
23 error Or if that isn't available, you can get their info via:
23 error     npm owner ls jobsy
23 error There is likely additional logging output above.
24 verbose exit [ 1, true ]
